
Showing logs for build [32mmuirp-environment-giversulpher-dc6nr-1[0m stage [32mfrom-build-pack[0m and container [32mstep-credential-initializer-mj55d[0m
{"level":"warn","ts":1568300049.4903054,"logger":"fallback-logger","caller":"logging/config.go:69","msg":"Fetch GitHub commit ID from kodata failed: \"ref: refs/heads/master\" is not a valid GitHub commit ID"}
{"level":"info","ts":1568300049.4910333,"logger":"fallback-logger","caller":"creds-init/main.go:40","msg":"Credentials initialized."}

Showing logs for build [32mmuirp-environment-giversulpher-dc6nr-1[0m stage [32mfrom-build-pack[0m and container [32mstep-working-dir-initializer-2jf9w[0m
{"level":"warn","ts":1568300050.358488,"logger":"fallback-logger","caller":"logging/config.go:69","msg":"Fetch GitHub commit ID from kodata failed: open /var/run/ko/HEAD: no such file or directory"}
{"level":"info","ts":1568300050.3602185,"logger":"fallback-logger","caller":"bash/main.go:65","msg":"Successfully executed command \"mkdir -p /workspace/source /workspace/source/env\""}

Showing logs for build [32mmuirp-environment-giversulpher-dc6nr-1[0m stage [32mfrom-build-pack[0m and container [32mstep-place-tools[0m

Showing logs for build [32mmuirp-environment-giversulpher-dc6nr-1[0m stage [32mfrom-build-pack[0m and container [32mstep-git-source-muirp-environment-giversulpher-pfxjg[0m
{"level":"warn","ts":1568300054.460501,"logger":"fallback-logger","caller":"logging/config.go:69","msg":"Fetch GitHub commit ID from kodata failed: \"ref: refs/heads/master\" is not a valid GitHub commit ID"}
{"level":"info","ts":1568300055.5143766,"logger":"fallback-logger","caller":"git/git.go:102","msg":"Successfully cloned https://github.com/muirp/environment-giversulpher-staging.git @ e763b9dc7dda56f47365b540596f9e4888e2a4d4 in path /workspace/source"}

Showing logs for build [32mmuirp-environment-giversulpher-dc6nr-1[0m stage [32mfrom-build-pack[0m and container [32mstep-git-merge[0m
Using SHAs from PULL_REFS=master:6ff6cb1cb914e5c4f0bb18f055f5b8d6de49dd30,2:e763b9dc7dda56f47365b540596f9e4888e2a4d4
DEBUG: ran git fetch --unshallow origin e763b9dc7dda56f47365b540596f9e4888e2a4d4: 6ff6cb1cb914e5c4f0bb18f055f5b8d6de49dd30: in 
DEBUG: ran git checkout master in 
DEBUG: ran git reset --hard 6ff6cb1cb914e5c4f0bb18f055f5b8d6de49dd30 in 
DEBUG: ran clean --force -d . in 
DEBUG: ran git merge e763b9dc7dda56f47365b540596f9e4888e2a4d4 in 
Merged SHA e763b9dc7dda56f47365b540596f9e4888e2a4d4 with commit message 'chore: Promote test-vault-urls to version 0.0.2' into base branch master

Showing logs for build [32mmuirp-environment-giversulpher-dc6nr-1[0m stage [32mfrom-build-pack[0m and container [32mstep-build-helm-build[0m
WARNING: No $CHART_REPOSITORY defined so using the default value of: http://jenkins-x-chartmuseum:8080
Adding missing Helm repo: storage.googleapis.com https://storage.googleapis.com/chartmuseum.jenkins-x.io
Read credentials for https://storage.googleapis.com/chartmuseum.jenkins-x.io from vault helm/repos
Successfully added Helm repository storage.googleapis.com.
Adding missing Helm repo: jenkins-x-chartmuseum http://jenkins-x-chartmuseum:8080
Read credentials for http://jenkins-x-chartmuseum:8080 from vault helm/repos
Successfully added Helm repository jenkins-x-chartmuseum.
WARNING: No $CHART_REPOSITORY defined so using the default value of: http://jenkins-x-chartmuseum:8080
Adding missing Helm repo: chartmuseum.jenkins-x.io http://chartmuseum.jenkins-x.io
Read credentials for http://chartmuseum.jenkins-x.io from vault helm/repos
Successfully added Helm repository chartmuseum.jenkins-x.io.
