
Showing logs for build [32mmuirp-environment-giversulpher-l62sx-1[0m stage [32mfrom-build-pack[0m and container [32mstep-credential-initializer-d44hp[0m
{"level":"warn","ts":1568368536.115253,"logger":"fallback-logger","caller":"logging/config.go:69","msg":"Fetch GitHub commit ID from kodata failed: \"ref: refs/heads/master\" is not a valid GitHub commit ID"}
{"level":"info","ts":1568368536.11578,"logger":"fallback-logger","caller":"creds-init/main.go:40","msg":"Credentials initialized."}

Showing logs for build [32mmuirp-environment-giversulpher-l62sx-1[0m stage [32mfrom-build-pack[0m and container [32mstep-working-dir-initializer-gnjbw[0m
{"level":"warn","ts":1568368537.1415539,"logger":"fallback-logger","caller":"logging/config.go:69","msg":"Fetch GitHub commit ID from kodata failed: open /var/run/ko/HEAD: no such file or directory"}
{"level":"info","ts":1568368537.143477,"logger":"fallback-logger","caller":"bash/main.go:65","msg":"Successfully executed command \"mkdir -p /workspace/source /workspace/source/env\""}

Showing logs for build [32mmuirp-environment-giversulpher-l62sx-1[0m stage [32mfrom-build-pack[0m and container [32mstep-place-tools[0m

Showing logs for build [32mmuirp-environment-giversulpher-l62sx-1[0m stage [32mfrom-build-pack[0m and container [32mstep-git-source-muirp-environment-giversulpher-xtgd7[0m
{"level":"warn","ts":1568368541.2314227,"logger":"fallback-logger","caller":"logging/config.go:69","msg":"Fetch GitHub commit ID from kodata failed: \"ref: refs/heads/master\" is not a valid GitHub commit ID"}
{"level":"info","ts":1568368542.3023436,"logger":"fallback-logger","caller":"git/git.go:102","msg":"Successfully cloned https://github.com/muirp/environment-giversulpher-staging.git @ 635b85bf7ff5100ee1a82b7837a535dd235383a0 in path /workspace/source"}

Showing logs for build [32mmuirp-environment-giversulpher-l62sx-1[0m stage [32mfrom-build-pack[0m and container [32mstep-git-merge[0m
Using SHAs from PULL_REFS=master:ebe96940d53cc0d363582dd2bc71ac90d94a2ff0,3:635b85bf7ff5100ee1a82b7837a535dd235383a0
DEBUG: ran git fetch --unshallow origin 635b85bf7ff5100ee1a82b7837a535dd235383a0: ebe96940d53cc0d363582dd2bc71ac90d94a2ff0: in 
DEBUG: ran git checkout master in 
DEBUG: ran git reset --hard ebe96940d53cc0d363582dd2bc71ac90d94a2ff0 in 
DEBUG: ran clean --force -d . in 
DEBUG: ran git merge 635b85bf7ff5100ee1a82b7837a535dd235383a0 in 
Merged SHA 635b85bf7ff5100ee1a82b7837a535dd235383a0 with commit message 'chore: Promote test-vault-urls to version 0.0.3' into base branch master

Showing logs for build [32mmuirp-environment-giversulpher-l62sx-1[0m stage [32mfrom-build-pack[0m and container [32mstep-build-helm-build[0m
WARNING: No $CHART_REPOSITORY defined so using the default value of: http://jenkins-x-chartmuseum:8080
Adding missing Helm repo: storage.googleapis.com https://storage.googleapis.com/chartmuseum.jenkins-x.io
Read credentials for https://storage.googleapis.com/chartmuseum.jenkins-x.io from vault helm/repos
Successfully added Helm repository storage.googleapis.com.
Adding missing Helm repo: jenkins-x-chartmuseum http://jenkins-x-chartmuseum:8080
Read credentials for http://jenkins-x-chartmuseum:8080 from vault helm/repos
Successfully added Helm repository jenkins-x-chartmuseum.
WARNING: No $CHART_REPOSITORY defined so using the default value of: http://jenkins-x-chartmuseum:8080
Adding missing Helm repo: chartmuseum.jenkins-x.io http://chartmuseum.jenkins-x.io
Read credentials for http://chartmuseum.jenkins-x.io from vault helm/repos
Successfully added Helm repository chartmuseum.jenkins-x.io.
