
Showing logs for build [32mmuirp-environment-giversulpher-1[0m stage [32mfrom-build-pack[0m and container [32mstep-credential-initializer-hnlcr[0m
{"level":"warn","ts":1568298095.3078318,"logger":"fallback-logger","caller":"logging/config.go:69","msg":"Fetch GitHub commit ID from kodata failed: \"ref: refs/heads/master\" is not a valid GitHub commit ID"}
{"level":"info","ts":1568298095.308366,"logger":"fallback-logger","caller":"creds-init/main.go:40","msg":"Credentials initialized."}

Showing logs for build [32mmuirp-environment-giversulpher-1[0m stage [32mfrom-build-pack[0m and container [32mstep-working-dir-initializer-clhsz[0m
{"level":"warn","ts":1568298096.7165575,"logger":"fallback-logger","caller":"logging/config.go:69","msg":"Fetch GitHub commit ID from kodata failed: open /var/run/ko/HEAD: no such file or directory"}
{"level":"info","ts":1568298096.7182915,"logger":"fallback-logger","caller":"bash/main.go:65","msg":"Successfully executed command \"mkdir -p /workspace/source /workspace/source/env\""}

Showing logs for build [32mmuirp-environment-giversulpher-1[0m stage [32mfrom-build-pack[0m and container [32mstep-place-tools[0m

Showing logs for build [32mmuirp-environment-giversulpher-1[0m stage [32mfrom-build-pack[0m and container [32mstep-git-source-muirp-environment-giversulpher-rq9f5[0m
{"level":"warn","ts":1568298153.7019935,"logger":"fallback-logger","caller":"logging/config.go:69","msg":"Fetch GitHub commit ID from kodata failed: \"ref: refs/heads/master\" is not a valid GitHub commit ID"}
{"level":"info","ts":1568298154.7934098,"logger":"fallback-logger","caller":"git/git.go:102","msg":"Successfully cloned https://github.com/muirp/environment-giversulpher-staging.git @ accef4145689333bd0914cce44ca3bcaa205797b in path /workspace/source"}

Showing logs for build [32mmuirp-environment-giversulpher-1[0m stage [32mfrom-build-pack[0m and container [32mstep-git-merge[0m
Using SHAs from PULL_REFS=master:ca954482a02fc92cc0a92f84a45ae2fc1e7fd878,1:accef4145689333bd0914cce44ca3bcaa205797b
DEBUG: ran git fetch --unshallow origin accef4145689333bd0914cce44ca3bcaa205797b: ca954482a02fc92cc0a92f84a45ae2fc1e7fd878: in 
DEBUG: ran git checkout master in 
DEBUG: ran git reset --hard ca954482a02fc92cc0a92f84a45ae2fc1e7fd878 in 
DEBUG: ran clean --force -d . in 
DEBUG: ran git merge accef4145689333bd0914cce44ca3bcaa205797b in 
Merged SHA accef4145689333bd0914cce44ca3bcaa205797b with commit message 'chore: Promote test-vault-urls to version 0.0.1' into base branch master

Showing logs for build [32mmuirp-environment-giversulpher-1[0m stage [32mfrom-build-pack[0m and container [32mstep-build-helm-build[0m
WARNING: No $CHART_REPOSITORY defined so using the default value of: http://jenkins-x-chartmuseum:8080
Adding missing Helm repo: storage.googleapis.com https://storage.googleapis.com/chartmuseum.jenkins-x.io
Read credentials for https://storage.googleapis.com/chartmuseum.jenkins-x.io from vault helm/repos
Successfully added Helm repository storage.googleapis.com.
Adding missing Helm repo: jenkins-x-chartmuseum http://jenkins-x-chartmuseum:8080
Read credentials for http://jenkins-x-chartmuseum:8080 from vault helm/repos
Successfully added Helm repository jenkins-x-chartmuseum.
WARNING: No $CHART_REPOSITORY defined so using the default value of: http://jenkins-x-chartmuseum:8080
Adding missing Helm repo: chartmuseum.jenkins-x.io http://chartmuseum.jenkins-x.io
Read credentials for http://chartmuseum.jenkins-x.io from vault helm/repos
Successfully added Helm repository chartmuseum.jenkins-x.io.
